0 verbose cli /usr/local/bin/node /usr/local/bin/npm
1 info using npm@8.11.0
2 info using node@v16.16.0
3 timing npm:load:whichnode Completed in 0ms
4 timing config:load:defaults Completed in 4ms
5 timing config:load:file:/usr/local/lib/node_modules/npm/npmrc Completed in 1ms
6 timing config:load:builtin Completed in 1ms
7 warn config production Use `--omit=dev` instead.
8 timing config:load:cli Completed in 5ms
9 timing config:load:env Completed in 1ms
10 timing config:load:file:/data/.npmrc Completed in 1ms
11 timing config:load:project Completed in 13ms
12 timing config:load:file:/usr/src/node-red/.npmrc Completed in 0ms
13 timing config:load:user Completed in 0ms
14 timing config:load:file:/usr/local/etc/npmrc Completed in 2ms
15 timing config:load:global Completed in 3ms
16 timing config:load:validate Completed in 0ms
17 timing config:load:credentials Completed in 1ms
18 timing config:load:setEnvs Completed in 1ms
19 timing config:load Completed in 32ms
20 timing npm:load:configload Completed in 32ms
21 timing npm:load:mkdirpcache Completed in 9ms
22 timing npm:load:mkdirplogs Completed in 11ms
23 verbose title npm install node-red-dashboard@3.3.1
24 verbose argv "install" "--no-audit" "--no-update-notifier" "--no-fund" "--save" "--save-prefix" "~" "--production" "--engine-strict" "node-red-dashboard@3.3.1"
25 timing npm:load:setTitle Completed in 2ms
26 timing config:load:flatten Completed in 3ms
27 timing npm:load:display Completed in 6ms
28 verbose logfile logs-max:10 dir:/data/.npm/_logs
29 verbose logfile /data/.npm/_logs/2023-01-13T16_39_57_082Z-debug-0.log
30 timing npm:load:logFile Completed in 35ms
31 timing npm:load:timers Completed in 0ms
32 timing npm:load:configScope Completed in 0ms
33 timing npm:load Completed in 98ms
34 timing arborist:ctor Completed in 1ms
35 silly logfile done cleaning log files
36 timing arborist:ctor Completed in 0ms
37 timing idealTree:init Completed in 38ms
38 timing idealTree:userRequests Completed in 11ms
39 silly idealTree buildDeps
40 silly fetch manifest node-red-dashboard@3.3.1
41 http fetch GET 200 https://registry.npmjs.org/node-red-dashboard 1269ms (cache miss)
42 silly placeDep ROOT node-red-dashboard@3.3.1 OK for: node-red-project@0.0.1 want: 3.3.1
43 silly fetch manifest compression@^1.7.4
44 silly fetch manifest gridstack@^0.6.4
45 silly fetch manifest serve-static@^1.15.0
46 silly fetch manifest socket.io@^4.5.4
47 http fetch GET 200 https://registry.npmjs.org/serve-static 264ms (cache miss)
48 http fetch GET 200 https://registry.npmjs.org/compression 309ms (cache miss)
49 http fetch GET 200 https://registry.npmjs.org/gridstack 324ms (cache miss)
50 http fetch GET 200 https://registry.npmjs.org/socket.io 335ms (cache miss)
51 timing idealTree:#root Completed in 1640ms
52 silly placeDep ROOT compression@1.7.4 OK for: node-red-dashboard@3.3.1 want: ^1.7.4
53 silly placeDep ROOT gridstack@0.6.4 OK for: node-red-dashboard@3.3.1 want: ^0.6.4
54 silly placeDep ROOT serve-static@1.15.0 OK for: node-red-dashboard@3.3.1 want: ^1.15.0
55 silly placeDep ROOT socket.io@4.5.4 OK for: node-red-dashboard@3.3.1 want: ^4.5.4
56 silly fetch manifest accepts@~1.3.5
57 silly fetch manifest bytes@3.0.0
58 silly fetch manifest compressible@~2.0.16
59 silly fetch manifest debug@2.6.9
60 silly fetch manifest on-headers@~1.0.2
61 silly fetch manifest safe-buffer@5.1.2
62 silly fetch manifest vary@~1.1.2
63 silly fetch manifest jquery@^1.8 || 2 || 3
64 silly fetch manifest encodeurl@~1.0.2
65 silly fetch manifest escape-html@~1.0.3
66 silly fetch manifest parseurl@~1.3.3
67 silly fetch manifest send@0.18.0
68 silly fetch manifest accepts@~1.3.4
69 silly fetch manifest base64id@~2.0.0
70 silly fetch manifest debug@~4.3.2
71 silly fetch manifest engine.io@~6.2.1
72 silly fetch manifest socket.io-adapter@~2.4.0
73 silly fetch manifest socket.io-parser@~4.2.1
74 http fetch GET 200 https://registry.npmjs.org/accepts 493ms (cache miss)
75 http fetch GET 200 https://registry.npmjs.org/bytes 501ms (cache miss)
76 http fetch GET 200 https://registry.npmjs.org/compressible 532ms (cache miss)
77 http fetch GET 200 https://registry.npmjs.org/debug 546ms (cache miss)
78 http fetch GET 200 https://registry.npmjs.org/socket.io-parser 654ms (cache miss)
79 http fetch GET 200 https://registry.npmjs.org/engine.io 674ms (cache miss)
80 http fetch GET 200 https://registry.npmjs.org/socket.io-adapter 685ms (cache miss)
81 http fetch GET 200 https://registry.npmjs.org/on-headers 708ms (cache miss)
82 http fetch GET 200 https://registry.npmjs.org/encodeurl 707ms (cache miss)
83 http fetch GET 200 https://registry.npmjs.org/base64id 712ms (cache miss)
84 http fetch GET 200 https://registry.npmjs.org/safe-buffer 726ms (cache miss)
85 http fetch GET 200 https://registry.npmjs.org/escape-html 722ms (cache miss)
86 http fetch GET 200 https://registry.npmjs.org/vary 732ms (cache miss)
87 http fetch GET 200 https://registry.npmjs.org/parseurl 768ms (cache miss)
88 http fetch GET 200 https://registry.npmjs.org/accepts 780ms (cache miss)
89 http fetch GET 200 https://registry.npmjs.org/send 826ms (cache miss)
90 http fetch GET 200 https://registry.npmjs.org/jquery 834ms (cache miss)
91 http fetch GET 200 https://registry.npmjs.org/debug 831ms (cache miss)
92 timing idealTree:node_modules/node-red-dashboard Completed in 873ms
93 silly placeDep ROOT accepts@1.3.8 OK for: compression@1.7.4 want: ~1.3.5
94 silly placeDep ROOT bytes@3.0.0 OK for: compression@1.7.4 want: 3.0.0
95 silly placeDep ROOT compressible@2.0.18 OK for: compression@1.7.4 want: ~2.0.16
96 silly placeDep ROOT debug@2.6.9 OK for: compression@1.7.4 want: 2.6.9
97 silly placeDep ROOT on-headers@1.0.2 OK for: compression@1.7.4 want: ~1.0.2
98 silly placeDep ROOT safe-buffer@5.1.2 OK for: compression@1.7.4 want: 5.1.2
99 silly placeDep ROOT vary@1.1.2 OK for: compression@1.7.4 want: ~1.1.2
100 silly fetch manifest mime-types@~2.1.34
101 silly fetch manifest negotiator@0.6.3
102 silly fetch manifest mime-db@>= 1.43.0 < 2
103 silly fetch manifest ms@2.0.0
104 http fetch GET 200 https://registry.npmjs.org/ms 212ms (cache miss)
105 http fetch GET 200 https://registry.npmjs.org/negotiator 217ms (cache miss)
106 http fetch GET 200 https://registry.npmjs.org/mime-db 231ms (cache miss)
107 http fetch GET 200 https://registry.npmjs.org/mime-types 255ms (cache miss)
108 timing idealTree:node_modules/compression Completed in 332ms
109 silly placeDep ROOT mime-types@2.1.35 OK for: accepts@1.3.8 want: ~2.1.34
110 silly placeDep ROOT negotiator@0.6.3 OK for: accepts@1.3.8 want: 0.6.3
111 silly fetch manifest mime-db@1.52.0
112 timing idealTree:node_modules/accepts Completed in 9ms
113 timing idealTree:node_modules/bytes Completed in 0ms
114 silly placeDep ROOT mime-db@1.52.0 OK for: compressible@2.0.18 want: >= 1.43.0 < 2
115 timing idealTree:node_modules/compressible Completed in 3ms
116 silly placeDep ROOT ms@2.0.0 OK for: debug@2.6.9 want: 2.0.0
117 timing idealTree:node_modules/debug Completed in 2ms
118 silly placeDep ROOT jquery@3.6.3 OK for: gridstack@0.6.4 want: ^1.8 || 2 || 3
119 timing idealTree:node_modules/gridstack Completed in 3ms
120 timing idealTree:node_modules/jquery Completed in 0ms
121 timing idealTree:node_modules/mime-db Completed in 0ms
122 timing idealTree:node_modules/mime-types Completed in 0ms
123 timing idealTree:node_modules/ms Completed in 0ms
124 timing idealTree:node_modules/negotiator Completed in 0ms
125 timing idealTree:node_modules/on-headers Completed in 0ms
126 timing idealTree:node_modules/safe-buffer Completed in 0ms
127 silly placeDep ROOT encodeurl@1.0.2 OK for: serve-static@1.15.0 want: ~1.0.2
128 silly placeDep ROOT escape-html@1.0.3 OK for: serve-static@1.15.0 want: ~1.0.3
129 silly placeDep ROOT parseurl@1.3.3 OK for: serve-static@1.15.0 want: ~1.3.3
130 silly placeDep ROOT send@0.18.0 OK for: serve-static@1.15.0 want: 0.18.0
131 silly fetch manifest depd@2.0.0
132 silly fetch manifest destroy@1.2.0
133 silly fetch manifest etag@~1.8.1
134 silly fetch manifest fresh@0.5.2
135 silly fetch manifest http-errors@2.0.0
136 silly fetch manifest mime@1.6.0
137 silly fetch manifest ms@2.1.3
138 silly fetch manifest on-finished@2.4.1
139 silly fetch manifest range-parser@~1.2.1
140 silly fetch manifest statuses@2.0.1
141 http fetch GET 200 https://registry.npmjs.org/destroy 358ms (cache miss)
142 http fetch GET 200 https://registry.npmjs.org/fresh 358ms (cache miss)
143 http fetch GET 200 https://registry.npmjs.org/etag 368ms (cache miss)
144 http fetch GET 200 https://registry.npmjs.org/on-finished 365ms (cache miss)
145 http fetch GET 200 https://registry.npmjs.org/range-parser 366ms (cache miss)
146 http fetch GET 200 https://registry.npmjs.org/depd 384ms (cache miss)
147 http fetch GET 200 https://registry.npmjs.org/statuses 385ms (cache miss)
148 http fetch GET 200 https://registry.npmjs.org/http-errors 414ms (cache miss)
149 http fetch GET 200 https://registry.npmjs.org/mime 456ms (cache miss)
150 timing idealTree:node_modules/serve-static Completed in 478ms
151 timing idealTree:node_modules/encodeurl Completed in 0ms
152 timing idealTree:node_modules/escape-html Completed in 0ms
153 timing idealTree:node_modules/parseurl Completed in 0ms
154 silly placeDep ROOT depd@2.0.0 OK for: send@0.18.0 want: 2.0.0
155 silly placeDep ROOT destroy@1.2.0 OK for: send@0.18.0 want: 1.2.0
156 silly placeDep ROOT etag@1.8.1 OK for: send@0.18.0 want: ~1.8.1
157 silly placeDep ROOT fresh@0.5.2 OK for: send@0.18.0 want: 0.5.2
158 silly placeDep ROOT http-errors@2.0.0 OK for: send@0.18.0 want: 2.0.0
159 silly placeDep ROOT mime@1.6.0 OK for: send@0.18.0 want: 1.6.0
160 silly placeDep node_modules/send ms@2.1.3 OK for: send@0.18.0 want: 2.1.3
161 silly placeDep ROOT on-finished@2.4.1 OK for: send@0.18.0 want: 2.4.1
162 silly placeDep ROOT range-parser@1.2.1 OK for: send@0.18.0 want: ~1.2.1
163 silly placeDep ROOT statuses@2.0.1 OK for: send@0.18.0 want: 2.0.1
164 silly fetch manifest inherits@2.0.4
165 silly fetch manifest setprototypeof@1.2.0
166 silly fetch manifest toidentifier@1.0.1
167 silly fetch manifest ee-first@1.1.1
168 http fetch GET 200 https://registry.npmjs.org/ee-first 221ms (cache miss)
169 http fetch GET 200 https://registry.npmjs.org/toidentifier 225ms (cache miss)
170 http fetch GET 200 https://registry.npmjs.org/inherits 235ms (cache miss)
171 http fetch GET 200 https://registry.npmjs.org/setprototypeof 297ms (cache miss)
172 timing idealTree:node_modules/send Completed in 326ms
173 timing idealTree:node_modules/depd Completed in 0ms
174 timing idealTree:node_modules/destroy Completed in 0ms
175 timing idealTree:node_modules/etag Completed in 0ms
176 timing idealTree:node_modules/fresh Completed in 0ms
177 silly placeDep ROOT inherits@2.0.4 OK for: http-errors@2.0.0 want: 2.0.4
178 silly placeDep ROOT setprototypeof@1.2.0 OK for: http-errors@2.0.0 want: 1.2.0
179 silly placeDep ROOT toidentifier@1.0.1 OK for: http-errors@2.0.0 want: 1.0.1
180 timing idealTree:node_modules/http-errors Completed in 7ms
181 timing idealTree:node_modules/inherits Completed in 1ms
182 timing idealTree:node_modules/mime Completed in 0ms
183 silly placeDep ROOT ee-first@1.1.1 OK for: on-finished@2.4.1 want: 1.1.1
184 timing idealTree:node_modules/on-finished Completed in 2ms
185 timing idealTree:node_modules/ee-first Completed in 0ms
186 timing idealTree:node_modules/range-parser Completed in 0ms
187 timing idealTree:node_modules/setprototypeof Completed in 0ms
188 silly placeDep ROOT base64id@2.0.0 OK for: socket.io@4.5.4 want: ~2.0.0
189 silly placeDep node_modules/socket.io debug@4.3.4 OK for: socket.io@4.5.4 want: ~4.3.2
190 silly placeDep ROOT engine.io@6.2.1 OK for: socket.io@4.5.4 want: ~6.2.1
191 silly placeDep ROOT socket.io-adapter@2.4.0 OK for: socket.io@4.5.4 want: ~2.4.0
192 silly placeDep ROOT socket.io-parser@4.2.1 OK for: socket.io@4.5.4 want: ~4.2.1
193 silly fetch manifest ms@2.1.2
194 silly fetch manifest @types/cookie@^0.4.1
195 silly fetch manifest @types/cors@^2.8.12
196 silly fetch manifest @types/node@>=10.0.0
197 silly fetch manifest cookie@~0.4.1
198 silly fetch manifest cors@~2.8.5
199 silly fetch manifest debug@~4.3.1
200 silly fetch manifest engine.io-parser@~5.0.3
201 silly fetch manifest ws@~8.2.3
202 silly fetch manifest @socket.io/component-emitter@~3.1.0
203 http fetch GET 200 https://registry.npmjs.org/@socket.io%2fcomponent-emitter 487ms (cache miss)
204 http fetch GET 200 https://registry.npmjs.org/@types%2fcookie 511ms (cache miss)
205 http fetch GET 200 https://registry.npmjs.org/engine.io-parser 510ms (cache miss)
206 http fetch GET 200 https://registry.npmjs.org/cookie 517ms (cache miss)
207 http fetch GET 200 https://registry.npmjs.org/cors 533ms (cache miss)
208 http fetch GET 200 https://registry.npmjs.org/@types%2fcors 568ms (cache miss)
209 http fetch GET 200 https://registry.npmjs.org/ws 645ms (cache miss)
210 http fetch GET 200 https://registry.npmjs.org/@types%2fnode 670ms (cache miss)
211 timing idealTree:node_modules/socket.io Completed in 715ms
212 timing idealTree:node_modules/base64id Completed in 0ms
213 silly fetch manifest bufferutil@^4.0.1
214 http fetch GET 200 https://registry.npmjs.org/bufferutil 175ms (cache miss)
215 silly fetch manifest utf-8-validate@^5.0.2
216 http fetch GET 200 https://registry.npmjs.org/utf-8-validate 395ms (cache miss)
217 silly placeDep ROOT @types/cookie@0.4.1 OK for: engine.io@6.2.1 want: ^0.4.1
218 silly placeDep ROOT @types/cors@2.8.13 OK for: engine.io@6.2.1 want: ^2.8.12
219 silly placeDep ROOT @types/node@18.11.18 OK for: engine.io@6.2.1 want: >=10.0.0
220 silly placeDep ROOT cookie@0.4.2 OK for: engine.io@6.2.1 want: ~0.4.1
221 silly placeDep ROOT cors@2.8.5 OK for: engine.io@6.2.1 want: ~2.8.5
222 silly placeDep node_modules/engine.io debug@4.3.4 OK for: engine.io@6.2.1 want: ~4.3.1
223 silly placeDep ROOT engine.io-parser@5.0.5 OK for: engine.io@6.2.1 want: ~5.0.3
224 silly placeDep ROOT ws@8.2.3 OK for: engine.io@6.2.1 want: ~8.2.3
225 silly fetch manifest object-assign@^4
226 http fetch GET 200 https://registry.npmjs.org/object-assign 216ms (cache miss)
227 timing idealTree:node_modules/engine.io Completed in 820ms
228 timing idealTree:node_modules/@types/cookie Completed in 0ms
229 timing idealTree:node_modules/@types/cors Completed in 0ms
230 timing idealTree:node_modules/@types/node Completed in 0ms
231 timing idealTree:node_modules/cookie Completed in 0ms
232 silly placeDep ROOT object-assign@4.1.1 OK for: cors@2.8.5 want: ^4
233 timing idealTree:node_modules/cors Completed in 3ms
234 timing idealTree:node_modules/engine.io-parser Completed in 0ms
235 timing idealTree:node_modules/object-assign Completed in 0ms
236 timing idealTree:node_modules/socket.io-adapter Completed in 0ms
237 silly placeDep ROOT @socket.io/component-emitter@3.1.0 OK for: socket.io-parser@4.2.1 want: ~3.1.0
238 silly placeDep node_modules/socket.io-parser debug@4.3.4 OK for: socket.io-parser@4.2.1 want: ~4.3.1
239 timing idealTree:node_modules/socket.io-parser Completed in 12ms
240 timing idealTree:node_modules/@socket.io/component-emitter Completed in 0ms
241 timing idealTree:node_modules/statuses Completed in 0ms
242 timing idealTree:node_modules/toidentifier Completed in 0ms
243 timing idealTree:node_modules/vary Completed in 0ms
244 timing idealTree:node_modules/ws Completed in 0ms
245 silly placeDep node_modules/engine.io ms@2.1.2 OK for: debug@4.3.4 want: 2.1.2
246 timing idealTree:node_modules/engine.io/node_modules/debug Completed in 8ms
247 timing idealTree:node_modules/engine.io/node_modules/ms Completed in 0ms
248 timing idealTree:node_modules/send/node_modules/ms Completed in 0ms
249 silly placeDep node_modules/socket.io-parser ms@2.1.2 OK for: debug@4.3.4 want: 2.1.2
250 timing idealTree:node_modules/socket.io-parser/node_modules/debug Completed in 4ms
251 timing idealTree:node_modules/socket.io-parser/node_modules/ms Completed in 0ms
252 silly placeDep node_modules/socket.io ms@2.1.2 OK for: debug@4.3.4 want: 2.1.2
253 timing idealTree:node_modules/socket.io/node_modules/debug Completed in 5ms
254 timing idealTree:node_modules/socket.io/node_modules/ms Completed in 0ms
255 timing idealTree:buildDeps Completed in 5284ms
256 timing idealTree:fixDepFlags Completed in 3ms
257 timing idealTree Completed in 5344ms
258 timing reify:loadTrees Completed in 5346ms
259 timing reify:diffTrees Completed in 4ms
260 silly reify moves {}
261 timing reify:retireShallow Completed in 4ms
262 timing reify:createSparse Completed in 243ms
263 timing reify:trashOmits Completed in 0ms
264 timing reify:loadBundles Completed in 0ms
265 silly tarball no local data for object-assign@https://registry.npmjs.org/object-assign/-/object-assign-4.1.1.tgz. Extracting by manifest.
266 silly tarball no local data for @socket.io/component-emitter@https://registry.npmjs.org/@socket.io/component-emitter/-/component-emitter-3.1.0.tgz. Extracting by manifest.
267 silly tarball no local data for engine.io-parser@https://registry.npmjs.org/engine.io-parser/-/engine.io-parser-5.0.5.tgz. Extracting by manifest.
268 silly tarball no local data for cors@https://registry.npmjs.org/cors/-/cors-2.8.5.tgz. Extracting by manifest.
269 silly tarball no local data for ws@https://registry.npmjs.org/ws/-/ws-8.2.3.tgz. Extracting by manifest.
270 silly tarball no local data for @types/cors@https://registry.npmjs.org/@types/cors/-/cors-2.8.13.tgz. Extracting by manifest.
271 silly tarball no local data for socket.io-parser@https://registry.npmjs.org/socket.io-parser/-/socket.io-parser-4.2.1.tgz. Extracting by manifest.
272 silly tarball no local data for cookie@https://registry.npmjs.org/cookie/-/cookie-0.4.2.tgz. Extracting by manifest.
273 silly tarball no local data for @types/node@https://registry.npmjs.org/@types/node/-/node-18.11.18.tgz. Extracting by manifest.
274 silly tarball no local data for engine.io@https://registry.npmjs.org/engine.io/-/engine.io-6.2.1.tgz. Extracting by manifest.
275 silly tarball no local data for base64id@https://registry.npmjs.org/base64id/-/base64id-2.0.0.tgz. Extracting by manifest.
276 silly tarball no local data for socket.io-adapter@https://registry.npmjs.org/socket.io-adapter/-/socket.io-adapter-2.4.0.tgz. Extracting by manifest.
277 silly tarball no local data for ee-first@https://registry.npmjs.org/ee-first/-/ee-first-1.1.1.tgz. Extracting by manifest.
278 silly tarball no local data for toidentifier@https://registry.npmjs.org/toidentifier/-/toidentifier-1.0.1.tgz. Extracting by manifest.
279 silly tarball no local data for inherits@https://registry.npmjs.org/inherits/-/inherits-2.0.4.tgz. Extracting by manifest.
280 silly tarball no local data for statuses@https://registry.npmjs.org/statuses/-/statuses-2.0.1.tgz. Extracting by manifest.
281 silly tarball no local data for range-parser@https://registry.npmjs.org/range-parser/-/range-parser-1.2.1.tgz. Extracting by manifest.
282 silly tarball no local data for on-finished@https://registry.npmjs.org/on-finished/-/on-finished-2.4.1.tgz. Extracting by manifest.
283 silly tarball no local data for @types/cookie@https://registry.npmjs.org/@types/cookie/-/cookie-0.4.1.tgz. Extracting by manifest.
284 silly tarball no local data for mime@https://registry.npmjs.org/mime/-/mime-1.6.0.tgz. Extracting by manifest.
285 silly tarball no local data for fresh@https://registry.npmjs.org/fresh/-/fresh-0.5.2.tgz. Extracting by manifest.
286 silly tarball no local data for etag@https://registry.npmjs.org/etag/-/etag-1.8.1.tgz. Extracting by manifest.
287 silly tarball no local data for setprototypeof@https://registry.npmjs.org/setprototypeof/-/setprototypeof-1.2.0.tgz. Extracting by manifest.
288 silly tarball no local data for http-errors@https://registry.npmjs.org/http-errors/-/http-errors-2.0.0.tgz. Extracting by manifest.
289 silly tarball no local data for depd@https://registry.npmjs.org/depd/-/depd-2.0.0.tgz. Extracting by manifest.
290 silly tarball no local data for destroy@https://registry.npmjs.org/destroy/-/destroy-1.2.0.tgz. Extracting by manifest.
291 silly tarball no local data for parseurl@https://registry.npmjs.org/parseurl/-/parseurl-1.3.3.tgz. Extracting by manifest.
292 silly tarball no local data for escape-html@https://registry.npmjs.org/escape-html/-/escape-html-1.0.3.tgz. Extracting by manifest.
293 silly tarball no local data for encodeurl@https://registry.npmjs.org/encodeurl/-/encodeurl-1.0.2.tgz. Extracting by manifest.
294 silly tarball no local data for ms@https://registry.npmjs.org/ms/-/ms-2.0.0.tgz. Extracting by manifest.
295 silly tarball no local data for jquery@https://registry.npmjs.org/jquery/-/jquery-3.6.3.tgz. Extracting by manifest.
296 silly tarball no local data for mime-db@https://registry.npmjs.org/mime-db/-/mime-db-1.52.0.tgz. Extracting by manifest.
297 silly tarball no local data for negotiator@https://registry.npmjs.org/negotiator/-/negotiator-0.6.3.tgz. Extracting by manifest.
298 silly tarball no local data for mime-types@https://registry.npmjs.org/mime-types/-/mime-types-2.1.35.tgz. Extracting by manifest.
299 silly tarball no local data for vary@https://registry.npmjs.org/vary/-/vary-1.1.2.tgz. Extracting by manifest.
300 silly tarball no local data for send@https://registry.npmjs.org/send/-/send-0.18.0.tgz. Extracting by manifest.
301 silly tarball no local data for compressible@https://registry.npmjs.org/compressible/-/compressible-2.0.18.tgz. Extracting by manifest.
302 silly tarball no local data for debug@https://registry.npmjs.org/debug/-/debug-2.6.9.tgz. Extracting by manifest.
303 silly tarball no local data for bytes@https://registry.npmjs.org/bytes/-/bytes-3.0.0.tgz. Extracting by manifest.
304 silly tarball no local data for socket.io@https://registry.npmjs.org/socket.io/-/socket.io-4.5.4.tgz. Extracting by manifest.
305 silly tarball no local data for on-headers@https://registry.npmjs.org/on-headers/-/on-headers-1.0.2.tgz. Extracting by manifest.
306 silly tarball no local data for safe-buffer@https://registry.npmjs.org/safe-buffer/-/safe-buffer-5.1.2.tgz. Extracting by manifest.
307 silly tarball no local data for serve-static@https://registry.npmjs.org/serve-static/-/serve-static-1.15.0.tgz. Extracting by manifest.
308 silly tarball no local data for compression@https://registry.npmjs.org/compression/-/compression-1.7.4.tgz. Extracting by manifest.
309 silly tarball no local data for accepts@https://registry.npmjs.org/accepts/-/accepts-1.3.8.tgz. Extracting by manifest.
310 silly tarball no local data for node-red-dashboard@https://registry.npmjs.org/node-red-dashboard/-/node-red-dashboard-3.3.1.tgz. Extracting by manifest.
311 silly tarball no local data for ms@https://registry.npmjs.org/ms/-/ms-2.1.2.tgz. Extracting by manifest.
312 silly tarball no local data for gridstack@https://registry.npmjs.org/gridstack/-/gridstack-0.6.4.tgz. Extracting by manifest.
313 silly tarball no local data for debug@https://registry.npmjs.org/debug/-/debug-4.3.4.tgz. Extracting by manifest.
314 silly tarball no local data for debug@https://registry.npmjs.org/debug/-/debug-4.3.4.tgz. Extracting by manifest.
315 silly tarball no local data for ms@https://registry.npmjs.org/ms/-/ms-2.1.2.tgz. Extracting by manifest.
316 silly tarball no local data for ms@https://registry.npmjs.org/ms/-/ms-2.1.2.tgz. Extracting by manifest.
317 silly tarball no local data for debug@https://registry.npmjs.org/debug/-/debug-4.3.4.tgz. Extracting by manifest.
318 silly tarball no local data for ms@https://registry.npmjs.org/ms/-/ms-2.1.3.tgz. Extracting by manifest.
319 http fetch GET 200 https://registry.npmjs.org/setprototypeof/-/setprototypeof-1.2.0.tgz 3692ms (cache miss)
320 timing reifyNode:node_modules/setprototypeof Completed in 4237ms
321 http fetch GET 200 https://registry.npmjs.org/@types/cookie/-/cookie-0.4.1.tgz 3793ms (cache miss)
322 timing reifyNode:node_modules/@types/cookie Completed in 4307ms
323 http fetch GET 200 https://registry.npmjs.org/cors/-/cors-2.8.5.tgz 3920ms (cache miss)
324 timing reifyNode:node_modules/cors Completed in 4323ms
325 http fetch GET 200 https://registry.npmjs.org/object-assign/-/object-assign-4.1.1.tgz 3985ms (cache miss)
326 timing reifyNode:node_modules/object-assign Completed in 4363ms
327 http fetch GET 200 https://registry.npmjs.org/@types/cors/-/cors-2.8.13.tgz 3961ms (cache miss)
328 timing reifyNode:node_modules/@types/cors Completed in 4372ms
329 http fetch GET 200 https://registry.npmjs.org/on-finished/-/on-finished-2.4.1.tgz 3879ms (cache miss)
330 timing reifyNode:node_modules/on-finished Completed in 4385ms
331 http fetch GET 200 https://registry.npmjs.org/toidentifier/-/toidentifier-1.0.1.tgz 3921ms (cache miss)
332 timing reifyNode:node_modules/toidentifier Completed in 4397ms
333 http fetch GET 200 https://registry.npmjs.org/socket.io-adapter/-/socket.io-adapter-2.4.0.tgz 3954ms (cache miss)
334 timing reifyNode:node_modules/socket.io-adapter Completed in 4420ms
335 http fetch GET 200 https://registry.npmjs.org/ee-first/-/ee-first-1.1.1.tgz 3973ms (cache miss)
336 timing reifyNode:node_modules/ee-first Completed in 4446ms
337 http fetch GET 200 https://registry.npmjs.org/ms/-/ms-2.1.2.tgz 3702ms (cache miss)
338 timing reifyNode:node_modules/socket.io/node_modules/ms Completed in 4480ms
339 http fetch GET 200 https://registry.npmjs.org/statuses/-/statuses-2.0.1.tgz 4034ms (cache miss)
340 timing reifyNode:node_modules/statuses Completed in 4528ms
341 http fetch GET 200 https://registry.npmjs.org/destroy/-/destroy-1.2.0.tgz 3969ms (cache miss)
342 timing reifyNode:node_modules/destroy Completed in 4537ms
343 http fetch GET 200 https://registry.npmjs.org/inherits/-/inherits-2.0.4.tgz 4064ms (cache miss)
344 timing reifyNode:node_modules/inherits Completed in 4544ms
345 http fetch GET 200 https://registry.npmjs.org/@socket.io/component-emitter/-/component-emitter-3.1.0.tgz 4165ms (cache miss)
346 timing reifyNode:node_modules/@socket.io/component-emitter Completed in 4554ms
347 http fetch GET 200 https://registry.npmjs.org/negotiator/-/negotiator-0.6.3.tgz 3934ms (cache miss)
348 timing reifyNode:node_modules/negotiator Completed in 4568ms
349 http fetch GET 200 https://registry.npmjs.org/safe-buffer/-/safe-buffer-5.1.2.tgz 3887ms (cache miss)
350 timing reifyNode:node_modules/safe-buffer Completed in 4577ms
351 http fetch GET 200 https://registry.npmjs.org/accepts/-/accepts-1.3.8.tgz 3871ms (cache miss)
352 timing reifyNode:node_modules/accepts Completed in 4584ms
353 http fetch GET 200 https://registry.npmjs.org/on-headers/-/on-headers-1.0.2.tgz 3907ms (cache miss)
354 timing reifyNode:node_modules/on-headers Completed in 4592ms
355 http fetch GET 200 https://registry.npmjs.org/cookie/-/cookie-0.4.2.tgz 4182ms (cache miss)
356 timing reifyNode:node_modules/cookie Completed in 4609ms
357 http fetch GET 200 https://registry.npmjs.org/range-parser/-/range-parser-1.2.1.tgz 4115ms (cache miss)
358 timing reifyNode:node_modules/range-parser Completed in 4615ms
359 http fetch GET 200 https://registry.npmjs.org/mime/-/mime-1.6.0.tgz 4100ms (cache miss)
360 timing reifyNode:node_modules/mime Completed in 4627ms
361 http fetch GET 200 https://registry.npmjs.org/fresh/-/fresh-0.5.2.tgz 4101ms (cache miss)
362 timing reifyNode:node_modules/fresh Completed in 4633ms
363 http fetch GET 200 https://registry.npmjs.org/base64id/-/base64id-2.0.0.tgz 4185ms (cache miss)
364 timing reifyNode:node_modules/base64id Completed in 4641ms
365 http fetch GET 200 https://registry.npmjs.org/debug/-/debug-4.3.4.tgz 3868ms (cache miss)
366 timing reifyNode:node_modules/socket.io/node_modules/debug Completed in 4653ms
367 http fetch GET 200 https://registry.npmjs.org/ms/-/ms-2.1.3.tgz 3872ms (cache miss)
368 timing reifyNode:node_modules/send/node_modules/ms Completed in 4668ms
369 http fetch GET 200 https://registry.npmjs.org/parseurl/-/parseurl-1.3.3.tgz 4104ms (cache miss)
370 timing reifyNode:node_modules/parseurl Completed in 4678ms
371 http fetch GET 200 https://registry.npmjs.org/escape-html/-/escape-html-1.0.3.tgz 4099ms (cache miss)
372 timing reifyNode:node_modules/escape-html Completed in 4690ms
373 http fetch GET 200 https://registry.npmjs.org/encodeurl/-/encodeurl-1.0.2.tgz 4087ms (cache miss)
374 timing reifyNode:node_modules/encodeurl Completed in 4699ms
375 http fetch GET 200 https://registry.npmjs.org/etag/-/etag-1.8.1.tgz 4169ms (cache miss)
376 timing reifyNode:node_modules/etag Completed in 4707ms
377 http fetch GET 200 https://registry.npmjs.org/debug/-/debug-4.3.4.tgz 3980ms (cache miss)
378 timing reifyNode:node_modules/engine.io/node_modules/debug Completed in 4727ms
379 http fetch GET 200 https://registry.npmjs.org/ms/-/ms-2.1.2.tgz 4006ms (cache miss)
380 timing reifyNode:node_modules/socket.io-parser/node_modules/ms Completed in 4742ms
381 http fetch GET 200 https://registry.npmjs.org/debug/-/debug-4.3.4.tgz 4001ms (cache miss)
382 timing reifyNode:node_modules/socket.io-parser/node_modules/debug Completed in 4758ms
383 http fetch GET 200 https://registry.npmjs.org/depd/-/depd-2.0.0.tgz 4205ms (cache miss)
384 timing reifyNode:node_modules/depd Completed in 4766ms
385 http fetch GET 200 https://registry.npmjs.org/vary/-/vary-1.1.2.tgz 4130ms (cache miss)
386 timing reifyNode:node_modules/vary Completed in 4774ms
387 http fetch GET 200 https://registry.npmjs.org/http-errors/-/http-errors-2.0.0.tgz 4239ms (cache miss)
388 timing reifyNode:node_modules/http-errors Completed in 4789ms
389 http fetch GET 200 https://registry.npmjs.org/mime-db/-/mime-db-1.52.0.tgz 4168ms (cache miss)
390 http fetch GET 200 https://registry.npmjs.org/ms/-/ms-2.1.2.tgz 4040ms (cache miss)
391 timing reifyNode:node_modules/engine.io/node_modules/ms Completed in 4806ms
392 http fetch GET 200 https://registry.npmjs.org/compressible/-/compressible-2.0.18.tgz 4170ms (cache miss)
393 timing reifyNode:node_modules/compressible Completed in 4828ms
394 http fetch GET 200 https://registry.npmjs.org/mime-types/-/mime-types-2.1.35.tgz 4197ms (cache miss)
395 timing reifyNode:node_modules/mime-types Completed in 4835ms
396 http fetch GET 200 https://registry.npmjs.org/bytes/-/bytes-3.0.0.tgz 4175ms (cache miss)
397 timing reifyNode:node_modules/bytes Completed in 4848ms
398 http fetch GET 200 https://registry.npmjs.org/compression/-/compression-1.7.4.tgz 4157ms (cache miss)
399 timing reifyNode:node_modules/compression Completed in 4859ms
400 http fetch GET 200 https://registry.npmjs.org/ms/-/ms-2.0.0.tgz 4249ms (cache miss)
401 timing reifyNode:node_modules/ms Completed in 4866ms
402 timing reifyNode:node_modules/mime-db Completed in 4883ms
403 http fetch GET 200 https://registry.npmjs.org/serve-static/-/serve-static-1.15.0.tgz 4204ms (cache miss)
404 timing reifyNode:node_modules/serve-static Completed in 4901ms
405 http fetch GET 200 https://registry.npmjs.org/debug/-/debug-2.6.9.tgz 4249ms (cache miss)
406 http fetch GET 200 https://registry.npmjs.org/send/-/send-0.18.0.tgz 4284ms (cache miss)
407 timing reifyNode:node_modules/send Completed in 4934ms
408 timing reifyNode:node_modules/debug Completed in 4953ms
409 http fetch GET 200 https://registry.npmjs.org/socket.io-parser/-/socket.io-parser-4.2.1.tgz 4589ms (cache miss)
410 timing reifyNode:node_modules/socket.io-parser Completed in 5071ms
411 http fetch GET 200 https://registry.npmjs.org/engine.io-parser/-/engine.io-parser-5.0.5.tgz 4924ms (cache miss)
412 http fetch GET 200 https://registry.npmjs.org/ws/-/ws-8.2.3.tgz 4920ms (cache miss)
413 timing reifyNode:node_modules/ws Completed in 5327ms
414 timing reifyNode:node_modules/engine.io-parser Completed in 5364ms
415 http fetch GET 200 https://registry.npmjs.org/engine.io/-/engine.io-6.2.1.tgz 5360ms (cache miss)
416 timing reifyNode:node_modules/engine.io Completed in 5797ms
417 http fetch GET 200 https://registry.npmjs.org/socket.io/-/socket.io-4.5.4.tgz 5480ms (cache miss)
418 timing reifyNode:node_modules/socket.io Completed in 6207ms
419 http fetch GET 200 https://registry.npmjs.org/gridstack/-/gridstack-0.6.4.tgz 5490ms (cache miss)
420 timing reifyNode:node_modules/gridstack Completed in 6238ms
421 http fetch GET 200 https://registry.npmjs.org/jquery/-/jquery-3.6.3.tgz 7614ms (cache miss)
422 timing reifyNode:node_modules/jquery Completed in 8239ms
423 http fetch GET 200 https://registry.npmjs.org/@types/node/-/node-18.11.18.tgz 8139ms (cache miss)
424 timing reifyNode:node_modules/@types/node Completed in 8571ms
425 http fetch GET 200 https://registry.npmjs.org/node-red-dashboard/-/node-red-dashboard-3.3.1.tgz 7985ms (cache miss)
426 timing reifyNode:node_modules/node-red-dashboard Completed in 8703ms
427 timing reify:unpack Completed in 8709ms
428 timing reify:unretire Completed in 0ms
429 timing build:queue Completed in 79ms
430 timing build:link:node_modules/mime Completed in 39ms
431 timing build:link Completed in 40ms
432 timing build:deps Completed in 121ms
433 timing build Completed in 122ms
434 timing reify:build Completed in 123ms
435 timing reify:trash Completed in 0ms
436 timing reify:save Completed in 31ms
437 timing reify Completed in 14498ms
438 silly ADD node_modules/@socket.io/component-emitter
439 silly ADD node_modules/object-assign
440 silly ADD node_modules/ws
441 silly ADD node_modules/engine.io-parser
442 silly ADD node_modules/cors
443 silly ADD node_modules/cookie
444 silly ADD node_modules/@types/node
445 silly ADD node_modules/@types/cors
446 silly ADD node_modules/@types/cookie
447 silly ADD node_modules/socket.io-parser
448 silly ADD node_modules/socket.io-parser/node_modules/ms
449 silly ADD node_modules/socket.io-parser/node_modules/debug
450 silly ADD node_modules/socket.io-adapter
451 silly ADD node_modules/engine.io
452 silly ADD node_modules/engine.io/node_modules/ms
453 silly ADD node_modules/engine.io/node_modules/debug
454 silly ADD node_modules/base64id
455 silly ADD node_modules/ee-first
456 silly ADD node_modules/toidentifier
457 silly ADD node_modules/setprototypeof
458 silly ADD node_modules/inherits
459 silly ADD node_modules/statuses
460 silly ADD node_modules/range-parser
461 silly ADD node_modules/on-finished
462 silly ADD node_modules/mime
463 silly ADD node_modules/http-errors
464 silly ADD node_modules/fresh
465 silly ADD node_modules/etag
466 silly ADD node_modules/destroy
467 silly ADD node_modules/depd
468 silly ADD node_modules/send
469 silly ADD node_modules/send/node_modules/ms
470 silly ADD node_modules/parseurl
471 silly ADD node_modules/escape-html
472 silly ADD node_modules/encodeurl
473 silly ADD node_modules/jquery
474 silly ADD node_modules/ms
475 silly ADD node_modules/mime-db
476 silly ADD node_modules/negotiator
477 silly ADD node_modules/mime-types
478 silly ADD node_modules/vary
479 silly ADD node_modules/safe-buffer
480 silly ADD node_modules/on-headers
481 silly ADD node_modules/debug
482 silly ADD node_modules/compressible
483 silly ADD node_modules/bytes
484 silly ADD node_modules/accepts
485 silly ADD node_modules/socket.io
486 silly ADD node_modules/socket.io/node_modules/ms
487 silly ADD node_modules/socket.io/node_modules/debug
488 silly ADD node_modules/serve-static
489 silly ADD node_modules/gridstack
490 silly ADD node_modules/compression
491 silly ADD node_modules/node-red-dashboard
492 timing command:install Completed in 14531ms
493 verbose exit 0
494 timing npm Completed in 14839ms
495 info ok
